PS E:\University\assignments\Mine\sem 7\DevOps\Guide to working with Dockers\WebPageDocker> python -m venv venv
Mine\\sem 7\\DevOps\\Guide to working with Dockers\\WebPageDocker\\venv\\Scripts\\python.exe'
PS E:\University\assignments\Mine\sem 7\DevOps\Guide to working with Dockers\WebPageDocker> venv\Scripts\activate
(venv) PS E:\University\assignments\Mine\sem 7\DevOps\Guide to working with Dockers\WebPageDocker> python src/webapp.py
Traceback (most recent call last):
  File "E:\University\assignments\Mine\sem 7\DevOps\Guide to working with Dockers\WebPageDocker\src\webapp.py", line 1, in <module>
    from flask import Flask, request, jsonify, render_template
  File "E:\University\assignments\Mine\sem 7\DevOps\Guide to working with Dockers\WebPageDocker\venv\Lib\site-packages\flask\__init__.py", line 14, in <module>    from jinja2 import escape
ImportError: cannot import name 'escape' from 'jinja2' (E:\University\assignments\Mine\sem 7\DevOps\Guide to working with Dockers\WebPageDocker\venv\Lib\site-packages\jinja2\__init__.py)
(venv) PS E:\University\assignments\Mine\sem 7\DevOps\Guide to working with Dockers\WebPageDocker> python src\webapp.py
Traceback (most recent call last):
  File "E:\University\assignments\Mine\sem 7\DevOps\Guide to working with Dockers\WebPageDocker\src\webapp.py", line 1, in <module>
    from flask import Flask, request, jsonify, render_template
  File "E:\University\assignments\Mine\sem 7\DevOps\Guide to working with Dockers\WebPageDocker\venv\Lib\site-packages\flask\__init__.py", line 14, in <module>    from jinja2 import escape
ImportError: cannot import name 'escape' from 'jinja2' (E:\University\assignments\Mine\sem 7\DevOps\Guide to working with Dockers\WebPageDocker\venv\Lib\site-packages\jinja2\__init__.py)
(venv) PS E:\University\assignments\Mine\sem 7\DevOps\Guide to working with Dockers\WebPageDocker> pip install -r requirements.txt
Collecting Flask==1.1.2 (from -r requirements.txt (line 1))
  Using cached Flask-1.1.2-py2.py3-none-any.whl.metadata (4.6 kB)
Collecting Werkzeug>=0.15 (from Flask==1.1.2->-r requirements.txt (line 1))
  Using cached werkzeug-3.1.3-py3-none-any.whl.metadata (3.7 kB)
Collecting Jinja2>=2.10.1 (from Flask==1.1.2->-r requirements.txt (line 1))
  Using cached jinja2-3.1.5-py3-none-any.whl.metadata (2.6 kB)
Collecting itsdangerous>=0.24 (from Flask==1.1.2->-r requirements.txt (line 1))
Collecting click>=5.1 (from Flask==1.1.2->-r requirements.txt (line 1))
  Using cached click-8.1.8-py3-none-any.whl.metadata (2.3 kB)
Collecting colorama (from click>=5.1->Flask==1.1.2->-r requirements.txt (line 1))
  Using cached colorama-0.4.6-py2.py3-none-any.whl.metadata (17 kB)
Collecting MarkupSafe>=2.0 (from Jinja2>=2.10.1->Flask==1.1.2->-r requirements.txt (line 1))
  Using cached MarkupSafe-3.0.2-cp313-cp313-win_amd64.whl.metadata (4.1 kB)
Using cached Flask-1.1.2-py2.py3-none-any.whl (94 kB)
Using cached click-8.1.8-py3-none-any.whl (98 kB)
Using cached werkzeug-3.1.3-py3-none-any.whl (224 kB)
Using cached MarkupSafe-3.0.2-cp313-cp313-win_amd64.whl (15 kB)
Using cached colorama-0.4.6-py2.py3-none-any.whl (25 kB)
Installing collected packages: MarkupSafe, itsdangerous, colorama, Werkzeug, Jinja2, click, Flask
Successfully installed Flask-1.1.2 Jinja2-3.1.5 MarkupSafe-3.0.2 Werkzeug-3.1.3 click-8.1.8 colorama-0.4.6 itsdangerous-2.2.0

[notice] A new release of pip is available: 24.3.1 -> 25.0.1
[notice] To update, run: python.exe -m pip install --upgrade pip
(venv) PS E:\University\assignments\Mine\sem 7\DevOps\Guide to working with Dockers\WebPageDocker> dectivate
dectivate : The term 'dectivate' is not recognized as the name of a cmdlet, function, script file, or operable program. Check the spelling of the name, or if  
a path was included, verify that the path is correct and try again.
At line:1 char:1
+ dectivate
+ ~~~~~~~~~
    + CategoryInfo          : ObjectNotFound: (dectivate:String) [], CommandNotFoundException
    + FullyQualifiedErrorId : CommandNotFoundException
 
Requirement already satisfied: Flask in c:\users\abbas khan\appdata\local\programs\python\python313\lib\site-packages (from -r requirements.txt (line 1)) (1.1.2)
Requirement already satisfied: Werkzeug>=0.15 in c:\users\abbas khan\appdata\local\programs\python\python313\lib\site-packages (from Flask->-r requirements.txt (line 1)) (3.1.3)
Requirement already satisfied: Jinja2>=2.10.1 in c:\users\abbas khan\appdata\local\programs\python\python313\lib\site-packages (from Flask->-r requirements.txt (line 1)) (3.1.5)
Requirement already satisfied: itsdangerous>=0.24 in c:\users\abbas khan\appdata\local\programs\python\python313\lib\site-packages (from Flask->-r requirementsne 1)) (8.1.8)
Requirement already satisfied: colorama in c:\users\abbas khan\appdata\local\programs\python\python313\lib\site-packages (from click>=5.1->Flask->-r requirements.txt (line 1)) (0.4.6)
Requirement already satisfied: MarkupSafe>=2.0 in c:\users\abbas khan\appdata\local\programs\python\python313\lib\site-packages (from Jinja2>=2.10.1->Flask->-r
[notice] A new release of pip is available: 24.3.1 -> 25.0.1
[notice] To update, run: python.exe -m pip install --upgrade pip
PS E:\University\assignments\Mine\sem 7\DevOps\Guide to working with Dockers\WebPageDocker> python -m venv venv
PS E:\University\assignments\Mine\sem 7\DevOps\Guide to working with Dockers\WebPageDocker> venv\Scriipts\activate
venv\Scriipts\activate : The module 'venv' could not be loaded. For more information, run 'Import-Module venv'.
At line:1 char:1
+ venv\Scriipts\activate
+ ~~~~~~~~~~~~~~~~~~~~~~
    + CategoryInfo          : ObjectNotFound: (venv\Scriipts\activate:String) [], CommandNotFoundException
    + FullyQualifiedErrorId : CouldNotAutoLoadModule
 
PS E:\University\assignments\Mine\sem 7\DevOps\Guide to working with Dockers\WebPageDocker> venv\Scripts\activate
(venv) PS E:\University\assignments\Mine\sem 7\DevOps\Guide to working with Dockers\WebPageDocker> pip install -r requirements

[notice] A new release of pip is available: 24.3.1 -> 25.0.1
[notice] To update, run: python.exe -m pip install --upgrade pip
ERROR: Could not open requirements file: [Errno 2] No such file or directory: 'requirements'
(venv) PS E:\University\assignments\Mine\sem 7\DevOps\Guide to working with Dockers\WebPageDocker> pip install -r requirements.txt
Collecting Flask (from -r requirements.txt (line 1))
  Using cached flask-3.1.0-py3-none-any.whl.metadata (2.7 kB)
Collecting Werkzeug>=3.1 (from Flask->-r requirements.txt (line 1))
  Using cached werkzeug-3.1.3-py3-none-any.whl.metadata (3.7 kB)
Collecting Jinja2>=3.1.2 (from Flask->-r requirements.txt (line 1))
  Using cached jinja2-3.1.5-py3-none-any.whl.metadata (2.6 kB)
Collecting itsdangerous>=2.2 (from Flask->-r requirements.txt (line 1))
  Using cached itsdangerous-2.2.0-py3-none-any.whl.metadata (1.9 kB)
Collecting click>=8.1.3 (from Flask->-r requirements.txt (line 1))
  Using cached click-8.1.8-py3-none-any.whl.metadata (2.3 kB)
  Using cached blinker-1.9.0-py3-none-any.whl.metadata (1.6 kB)
Collecting colorama (from click>=8.1.3->Flask->-r requirements.txt (line 1))
  Using cached colorama-0.4.6-py2.py3-none-any.whl.metadata (17 kB)
Collecting MarkupSafe>=2.0 (from Jinja2>=3.1.2->Flask->-r requirements.txt (line 1))
  Using cached MarkupSafe-3.0.2-cp313-cp313-win_amd64.whl.metadata (4.1 kB)
Using cached flask-3.1.0-py3-none-any.whl (102 kB)
Using cached blinker-1.9.0-py3-none-any.whl (8.5 kB)
Using cached click-8.1.8-py3-none-any.whl (98 kB)
Using cached itsdangerous-2.2.0-py3-none-any.whl (16 kB)
Using cached jinja2-3.1.5-py3-none-any.whl (134 kB)
Using cached werkzeug-3.1.3-py3-none-any.whl (224 kB)
Using cached MarkupSafe-3.0.2-cp313-cp313-win_amd64.whl (15 kB)
Using cached colorama-0.4.6-py2.py3-none-any.whl (25 kB)
Installing collected packages: MarkupSafe, itsdangerous, colorama, blinker, Werkzeug, Jinja2, click, Flask
Successfully installed Flask-3.1.0 Jinja2-3.1.5 MarkupSafe-3.0.2 Werkzeug-3.1.3 blinker-1.9.0 click-8.1.8 colorama-0.4.6 itsdangerous-2.2.0

[notice] A new release of pip is available: 24.3.1 -> 25.0.1
[notice] To update, run: python.exe -m pip install --upgrade pip
(venv) PS E:\University\assignments\Mine\sem 7\DevOps\Guide to working with Dockers\WebPageDocker> 
 *  History restored 

PS E:\University\assignments\Mine\sem 7\DevOps\Guide to working with Dockers\WebPageDocker> venv\Scripts\activate
(venv) PS E:\University\assignments\Mine\sem 7\DevOps\Guide to working with Dockers\WebPageDocker> python app.py
 * Serving Flask app 'app'
 * Debug mode: on
WARNING: This is a development server. Do not use it in a production deployment. Use a production WSGI server instead.
 * Running on all addresses (0.0.0.0)
 * Running on http://127.0.0.1:5000
 * Running on http://172.0.2.90:5000
Press CTRL+C to quit
 * Restarting with stat
 * Debugger is active!
 * Debugger PIN: 142-843-507
127.0.0.1 - - [05/Mar/2025 12:41:56] "GET / HTTP/1.1" 200 -
127.0.0.1 - - [05/Mar/2025 12:41:59] "GET /favicon.ico HTTP/1.1" 404 -
127.0.0.1 - - [05/Mar/2025 12:42:02] code 400, message Bad request version ('\x00\x12\x00\x10\x04\x03\x08\x04\x04\x01\x05\x03\x08\x05\x05\x01\x08\x06\x06\x01ÿ\x01\x00\x01\x00\x003\x04ï\x04í')
127.0.0.1 - - [05/Mar/2025 12:42:02] "\x16\x03\x01\x06Ò\x01\x00\x06Î\x03\x03'UÀ\x98\x14\x90u`õx5IýQ;ö­G\x94)©"Ñâ&\x03vÞ×\x96\x14? ùÿú^¤H\x93nE\x00D\x82_Z»À\x00¥\x86ðï¦:^8±ïA.LL\x90\x00 jj\x13\x01\x13\x02\x13\x03À+À/À,À0Ì©Ì¨À\x13À\x14\x00\x9c\x00\x9d\x00/\x005\x01\x00\x06e**\x00\x00\x00+\x00\x07\x06úú\x03\x04\x03\x03\x00\x05\x00\x05\x01\x00\x00\x00\x00\x00\x0d\x00\x12\x00\x10\x04\x03\x08\x04\x04\x01\x05\x03\x08\x05\x05\x01\x08\x06\x06\x01ÿ\x01\x00\x01\x00\x003\x04ï\x04í" 40127.0.0.1 - - [05/Mar/2025 12:42:02] code 400, message Bad request version ('Ú,Cÿj\x7f#\x8a¨\x8a¢XwÃT¹øH')
127.0.0.1 - - [05/Mar/2025 12:42:02] "\x16\x03\x01\x06²\x01\x00\x06®\x03\x03MVT9%\x9eFdf\x9aËq~ö½pWÉ9§Rv¦\x80Y\x11âO\x10 ü\x1a \x86\x9645ñk@½k³J\x16\x9a¯iR\x15NÙÒZO"qA\x95Åàê¤Ä¡\x00 jj\x13\x01\x13\x02\x13\x03À+À/À,À0Ì©Ì¨À\x13À\x14\x00\x9c\x00\x9d\x00/\x005\x01\x00\x06Eºº\x00\x00\x003\x04ï\x04íêê\x00\x01\x00\x11ì\x04À(³s\x98<\x9b\x9aÕ\x83|±9\x16¡M!ð\x7fµûVAê)a\x92Ïw÷)\x1b\x11_Ê\x88\x03'üa4qn¡\x84Â*p(ÅL\x99ù \x1bÞº\x8c\x1e!\x09\x81áh\x04\x07di\x18\x9aæ\x94\x85\x06\x9c¶~ÆT¬æ[¹\x12=\x92Y\x9d>×\x1d`ú\x8e­µ\x9fN\x184u \x9bu\x01uäü8ÏÛ\x99:°4öÜ\x11r¤\x8e\\|\x12\x9d¸95èc 9\x0d}\x0b\x7f´JEÛ\x18\x09Ú,Cÿj\x7f#\x8a¨\x8a¢XwÃT¹øH\x85" 400 -   
127.0.0.1 - - [05/Mar/2025 12:42:03] code 400, message Bad request syntax ('\x16\x03\x01\x07\x12\x01\x00\x07\x0e\x03\x030¾§Â\x00ÚK´i@1æ\x91\x94½SEH±\x92ã')    
127.0.0.1 - - [05/Mar/2025 12:42:03] "\x16\x03\x01\x07\x12\x01\x00\x07\x0e\x03\x030¾§Â\x00ÚK´i@1æ\x91\x94½SEH±\x92ã" 400 -
127.0.0.1 - - [05/Mar/2025 12:42:03] code 400, message Bad request syntax ('\x16\x03\x01\x06ò\x01\x00\x06î\x03\x03×ß·Ø\x90N,x÷\x9b\x16¾04]\x86¡J6:\x01\x9dù')  
127.0.0.1 - - [05/Mar/2025 12:42:03] "\x16\x03\x01\x06ò\x01\x00\x06î\x03\x03×ß·Ø\x90N,x÷\x9b\x16¾04]\x86¡J6:\x01\x9dù" 400 -
127.0.0.1 - - [05/Mar/2025 12:42:03] code 400, message Bad HTTP/0.9 request type ('\x16\x03\x01\x06²\x01\x00\x06®\x03\x03Ä¤\x8ed\x9dRÃ')
127.0.0.1 - - [05/Mar/2025 12:42:03] "\x16\x03\x01\x06²\x01\x00\x06®\x03\x03Ä¤\x8ed\x9dRÃ\x0cØFc/\x95?ÀágE\x13¶\x19ï" 400 -
127.0.0.1 - - [05/Mar/2025 12:42:03] code 400, message Bad request version ('\x00º\x00\x00\x01\x00\x01')
127.0.0.1 - - [05/Mar/2025 12:42:03] "\x16\x03\x01\x06²\x01\x00\x06®\x03\x03\x83x@®H°6\x9f\x84åo\x04Q(J\x8a\x02ÆxüÖO\x08÷ö;¸\x04üOçë \\IF\x88ç\x11Û«³ýx«çá\x8f\x16Ëÿ\\\x7fð\x9aVYßtÛ[j\x06~½\x00 ºº\x13\x01\x13\x02\x13\x03À+À/À,À0Ì©Ì¨À\x13À\x14\x00\x9c\x00\x9d\x00/\x005\x01\x00\x06E**\x00\x00þ\x0d\x00º\x00\x00\x01\x00\x01" 400 -
(venv) PS E:\University\assignments\Mine\sem 7\DevOps\Guide to working with Dockers\WebPageDocker> python app.py
 * Serving Flask app 'app'
 * Debug mode: on
WARNING: This is a development server. Do not use it in a production deployment. Use a production WSGI server instead.
 * Running on all addresses (0.0.0.0)
 * Running on http://127.0.0.1:5000
 * Running on http://172.0.2.90:5000
Press CTRL+C to quit
 * Restarting with stat
 * Debugger is active!
 * Debugger PIN: 142-843-507
127.0.0.1 - - [05/Mar/2025 12:47:16] code 400, message Bad request version ('çpé&\x02pQ¿ùÕ7\x11\x8bô¯\x00')
127.0.0.1 - - [05/Mar/2025 12:47:16] "\x16\x03\x01\x06à\x01\x00\x06Ü\x03\x03­à\\õXs\x14¶²æüñ2\x0ftpCõK±µ(òp_å\x83HÛfNí ú\x9cå;\x05\x957Ñâ\x03ú\x0cj\x11\x0b×X|ÎÏ¶\x18dM\x90<Éo×\x9cC\x95\x00 \x1a\x1a\x13\x01\x13\x02\x13\x03À+À/À,À0Ì©Ì¨À\x13À\x14\x00\x9c\x00\x9d\x00/\x005\x01\x00\x06s**\x00\x00\x00\x0d\x00\x12\x00\x10\x04\x03\x08\x04\x04\x01\x05\x03\x08\x05\x05\x01\x08\x06\x06\x01ÿ\x01\x00\x01\x00\x00\x17\x00\x00\x00-\x00\x02\x01\x01\x00\x12\x00\x00þ\x0d\x00ú\x00\x00\x01\x00\x01ö\x00 _I.\x9düþ74\x88b°S\x14Ø\x8a\\\x97¤Êvg\x05]Í³\x98d5:ßÇ\x02\x00Ð\x92¬©¯Ö\x9có\x90î3\x14\x94f\x15\x99íË}Å\x85cÈm\x18[ºm\x9c>Ó|nµo\x99iBÿ<ðP0ím,Æk¯N\x87xÍ¥=3\x12\\\x1f¦\x1eV&¨æ>\x01ë\x7f\x7f\x98\x83[Eh0^ÏX{®PËGY¯ÃÝ\x99\x06Ù\x0eTX\x85lAã@vþR(´KÁ ì\x85\x02ÖÐþZa"å\x8c\x01tâí?_\x8eXï\x0fIBÚKv)5Ý\x80\x83t\x9e:\x1d#Ø\x9b\x02Ï ë+ô»ù\x05$P º8\x14\x0b¯öDÖZÁ«7%i\x88æëT##%O×øFÎ\x11¥%*c¸®ïó÷ çpé&\x02pQ¿ùÕ7\x11\x8bô¯\x00" 400 -
127.0.0.1 - - [05/Mar/2025 12:47:16] code 400, message Bad request version ('IémÊº')
127.0.0.1 - - [05/Mar/2025 12:47:16] "\x16\x03\x01\x07\x00\x01\x00\x06ü\x03\x03Î8\x1frU£÷âñT@¸\x03sl¨Ciõ>\x9718\x85\x0eÛ¯|¤ÕÊH \x85IémÊº" 400 -
127.0.0.1 - - [05/Mar/2025 12:47:16] code 400, message Bad request version ('X\x88R2W\x96\x9c\x00\x96±U\x91\x974')
127.0.0.1 - - [05/Mar/2025 12:47:16] "\x16\x03\x01\x06 \x01\x00\x06\x9c\x03\x03^\x88P+;/<\x03if4½æÉlÖõ/r{OV[=,ü¿òZ\x7f-\x17 ª\x16\x84\x95¢\x8d\x11A\x8b0Ã\x08E8\x95ÅN[¾%J\x18\x198Ù¸J¬]Í\x9dà\x00 **\x13\x01\x13\x02\x13\x03À+À/À,À0Ì©Ì¨À\x13À\x14\x00\x9c\x00\x9d\x00/\x005\x01\x00\x063jj\x00\x00ÿ\x01\x00\x01\x00\x00\x12\x00\x00\x00#\x00\x00\x003\x04ï\x04íúú\x00\x01\x00\x11ì\x04À \x9cÄ\x88(g0Ll!¢Fx5ZÅ{x½ál*\x04Î÷±\x14#\x17>@\x8bº¹tbQ{!\x8asl-z\x14öaKCI¹%tÆÉÄKYµD\x8bK\x8e³°0<óYO\x13?î\x80ºÅÄ\x84Â¡5Í\x06,å\x11\x98¨\x08F{\x86s\x07xOê¶\x8f'ÚeR±\x85b!\x93÷ÖVy\x03»­\x09\x02YÓ=h²\x1aÏ\x93\x84Î\x83Än¥V­\\\x9cc+\x1aéPÍc\x82DR6CÒT\x8a\x18Ód\x031\x15sd)\x15²9.ìi±á`µó!Òö)\x04¦sEá©\x1d1h<JsìÛIrÙµ­\x09³\x89|,Oc\x802h#Ñ\x81ÆSâÎ¸ö\x97|h´g\x94a*!\x17%ØT\x09²aÛ`'¹\x15­\x907\x95\x93la2kËùes\x97úx¼§m?Ñ'Ejr\x88¨\x8f¿ê6yKnóÛ-o6_\x02B\x88Z\x9a\x8cNdm3K\x01|º\x0bÿw|h46\x93\x04"$F\x12Ä\x95\x9b\x89ÊÄ­¸¦uæ\x14û·µî\x94¼\x9fQDHa \x877\x11p1\x15\x81ê\x02x\x01z}J\x81¶0\x81R÷\x125ó\x1dò\x18Qsr<`ò8p\x80\x1d-\x07L+\x98\x1dX\x88R2W\x96\x9c\x00\x96±U\x91\x974" 400 -
127.0.0.1 - - [05/Mar/2025 12:47:16] code 400, message Bad request version ('\x00\x02\x01\x00\x00')
127.0.0.1 - - [05/Mar/2025 12:47:16] "\x16\x03\x01\x06À\x01\x00\x06¼\x03\x032\x88GVOýÝü\x15º\x16H=½\x0d`\x01>\x11%\x09&)]©\x19\x9fò\x0f¿\x18q ¢Cª)>,\x18\x07ß\x95\x07ñ\x0b=½\x8f2¬®\x11´p@\x87PéåWÓ\x88)À\x00 zz\x13\x01\x13\x02\x13\x03À+À/À,À0Ì©Ì¨À\x13À\x14\x00\x9c\x00\x9d\x00/\x005\x01\x00\x06S\x9a\x9a\x00\x00\x00\x17\x00\x00ÿ\x01\x00\x01\x00\x00\x05\x00\x05\x01\x00\x00\x00\x00\x00\x0b\x00\x02\x01\x00\x00" 400 -
127.0.0.1 - - [05/Mar/2025 12:47:20] code 400, message Bad request version ('Æ\x03r\x14o')
127.0.0.1 - - [05/Mar/2025 12:47:20] "\x16\x03\x01\x06à\x01\x00\x06Ü\x03\x03ãb8GE\x92"4T\x0d¨\x0f\x16K#\x06åÿ\x07µPÓ\x06_v÷\x91\x80Ò\x88ýY B"\x09HnÄ«ù¾M°¯oÂ\x8a@\x0bK´Ã\x03ó\x0bÆ\x03r\x14o" 400 -
127.0.0.1 - - [05/Mar/2025 12:47:20] code 400, message Bad request version ('\x00\x02\x01\x00\x00')
127.0.0.1 - - [05/Mar/2025 12:47:20] "\x16\x03\x01\x06à\x01\x00\x06Ü\x03\x03Ì¿´«Ö3ï{ìGæxÄ\x08î½BwéÙ\x87\x04ö½úÈû\x90«\x9e²  s'!ö_Ro\x94\x0dK\x06á\x1f.M\x83ýÓs\x16§ÆÂp\x8b¥±e\x83Ï¥\x98\x00 úú\x13\x01\x13\x02\x13\x03À+À/À,À0Ì©Ì¨À\x13À\x14\x00\x9c\x00\x9d\x00/\x005\x01\x00\x06sjj\x00\x00\x00\x0b\x00\x02\x01\x00\x00" 400 -
127.0.0.1 - - [05/Mar/2025 12:47:20] code 400, message Bad request version ('ÌI0!Ðf\x0eoX\x00%Ók\x8a×\x07\x9d4¸\x03ÉFb\x80ô¿]þ\x88¸GªvUý')
127.0.0.1 - - [05/Mar/2025 12:47:20] "\x16\x03\x01\x07\x00\x01\x00\x06ü\x03\x03\x1c\x87;«þ4&_Ì\x02¸3)Â¦3Å¨Æä"3\x138\x13\x09\x0bÝ@\x0eù\x15 8v\x05\x87W\x17\x1aQ'7ó¾l\x91?:\x0d\x82q\x9f\x00¥?\x05Ò\x14C#©£wæ\x00 úú\x13\x01\x13\x02\x13\x03À+À/À,À0Ì©Ì¨À\x13À\x14\x00\x9c\x00\x9d\x00/\x005\x01\x00\x06\x93**\x00\x00\x00\x17\x00\x00þ\x0d\x01\x1a\x00\x00\x01\x00\x01ÿ\x00 ê\x8b\x1e¤\x96vI\x00¾Û\x16ä\x1a\x84o\x02:\x87A¹Åê-¸\x15\x85\x00õI\x7f\x06e\x00ð¬ó+\x9eûó@\x96\x06<y*D\x190|«MjyÑ=«X»B°æ¤\x89\x1aq"V{lã&c:ò³K¼\x95\x8eµG,ù¸(ó±üf\x85Úl´l\x0bùºÔ\x9dÕ\x81Z\x86Z¶\x06ªÎu¯i¦¡Ñ\x10RÜ¥8\x8b:\x05ì6môY¸YÅ6­\x84Å­¤ÓÈKX÷\x0e\x19\x84¯\x1aì`E­ô\x11\x1dºáÉì"Öi¨"\x06w$\x96¯{iÒ\x10Ò_ ÌI0!Ðf\x0eoX\x00%Ók\x8a×\x07\x9d4¸\x03ÉFb\x80ô¿]þ\x88¸GªvUý" 400 -
127.0.0.1 - - [05/Mar/2025 12:47:20] code 400, message Bad request version ('»Â¯\x03\x98N!rSª\x04|\x95-ï\xadM')
127.0.0.1 - - [05/Mar/2025 12:47:20] "\x16\x03\x01\x06à\x01\x00\x06Ü\x03\x03^\x95Ë¯r\x9d4\x8fxÈÈóÈÄÞ÷\x17Å\x1e[Vë\x94ãMzÿæiJ&+ \x13\x1d»Â¯\x03\x98N!rSª\x04|\x95-ï­M" 400 -
127.0.0.1 - - [05/Mar/2025 12:47:30] "GET / HTTP/1.1" 200 -
(venv) PS E:\University\assignments\Mine\sem 7\DevOps\Guide to working with Dockers\WebPageDocker> docker build docker build -t my-first-docker-proj .
ERROR: "docker buildx build" requires exactly 1 argument.
See 'docker buildx build --help'.

Usage:  docker buildx build [OPTIONS] PATH | URL | -     

Start a build
(venv) PS E:\University\assignments\Mine\sem 7\DevOps\Guide to working with Dockers\WebPageDocker> docker build -t my-first-docker-proj .             
[+] Building 42.8s (11/11) FINISHED                                                                                                       docker:desktop-linux 
 => [internal] load build definition from Dockerfile                                                                                                      0.2s 
 => => transferring dockerfile: 541B                                                                                                                      0.0s 
 => [internal] load metadata for docker.io/library/python:3.9-slim                                                                                        0.8s 
 => [internal] load .dockerignore                                                                                                                         0.2s 
 => => transferring context: 2B                                                                                                                           0.0s 
 => => resolve docker.io/library/python:3.9-slim@sha256:d1fd807555208707ec95b284afd10048d0737e84b5f2d6fdcbed2922b9284b56                                  8.8s 
 => => transferring context: 16.29MB                                                                                                                      9.3s 
 => [auth] library/python:pull token for registry-1.docker.io                                                                                             0.0s 
 => CACHED [2/5] WORKDIR /app                                                                                                                             0.0s 
 => [3/5] COPY requirements.txt .                                                                                                                         0.6s 
 => [4/5] RUN pip install --no-cache-dir -r requirements.txt                                                                                             21.5s 
 => [5/5] COPY . .                                                                                                                                        0.7s 
 => exporting to image                                                                                                                                    7.7s 
 => => exporting layers                                                                                                                                   4.2s 
 => => exporting manifest sha256:ac1b1a9c6d4dafe51a739a2d320a9b3072ae45eb15e50ae69ab61388424eb57d                                                         0.2s 
 => => exporting config sha256:2ee6d7ac6a09a7ca3a9c4863037b5e3d2046fa8ea5bc79c946a12a63355c69cf                                                           0.2s 
 => => exporting attestation manifest sha256:4e56bcfd725eb2e332f41a337d7cffb216b4ab0239776cfade79c44ad00ff69c                                             0.3s 
 => => exporting manifest list sha256:53c77a025fbdc3fa35a376cd159ca7d52a048338520a1bd3c83c4ef493624a0a                                                    0.2s 
 => => naming to docker.io/library/my-first-docker-proj:latest                                                                                            0.1s 
 => => unpacking to docker.io/library/my-first-docker-proj:latest                                                                                         2.4s 
(venv) PS E:\University\assignments\Mine\sem 7\DevOps\Guide to working with Dockers\WebPageDocker> docker run -d -p 5000:5000 my-first-docker-proj
b3f0d69804db869ba0f4a79b4faf549bf8c3ff32ee3586dae81c6c1c0473c0d5
(venv) PS E:\University\assignments\Mine\sem 7\DevOps\Guide to working with Dockers\WebPageDocker> docker ps
CONTAINER ID   IMAGE                  COMMAND           CREATED          STATUS          PORTS                    NAMES
b3f0d69804db   my-first-docker-proj   "python app.py"   6 minutes ago    Up 6 minutes    0.0.0.0:5000->5000/tcp   stupefied_cohen
607686a7b83a   a4e5fa961748           "bash"            53 minutes ago   Up 53 minutes   5000/tcp                 pensive_lewin
(venv) PS E:\University\assignments\Mine\sem 7\DevOps\Guide to working with Dockers\WebPageDocker> docker stop b3f0d69804db869ba0f4a79b4faf549bf8c3ff32ee3586dae81c6c1c0473c0d5
b3f0d69804db869ba0f4a79b4faf549bf8c3ff32ee3586dae81c6c1c0473c0d5
(venv) PS E:\University\assignments\Mine\sem 7\DevOps\Guide to working with Dockers\WebPageDocker> docker rm b3f0d69804db869ba0f4a79b4faf549bf8c3ff32ee3586dae81c6c1c0473c0d5
b3f0d69804db869ba0f4a79b4faf549bf8c3ff32ee3586dae81c6c1c0473c0d5
(venv) PS E:\University\assignments\Mine\sem 7\DevOps\Guide to working with Dockers\WebPageDocker> docker-compose up -d
time="2025-03-05T13:06:58+05:00" level=warning msg="E:\\University\\assignments\\Mine\\sem 7\\DevOps\\Guide to working with Dockers\\WebPageDocker\\docker-compose.yml: the attribute `version` is obsolete, it will be ignored, please remove it to avoid potential confusion"
[+] Building 11.9s (11/11) FINISHED                                                                                                       docker:desktop-linux 
 => => transferring dockerfile: 541B                                                                                                                      0.0s 
 => [web internal] load metadata for docker.io/library/python:3.9-slim                                                                                    0.5s 
 => => transferring context: 2B                                                                                                                           0.0s 
 => [web internal] load build context                                                                                                                     0.8s 
 => => transferring context: 112.67kB                                                                                                                     0.5s 
 => CACHED [web 3/5] COPY requirements.txt .                                                                                                              0.0s 
 => CACHED [web 4/5] RUN pip install --no-cache-dir -r requirements.txt                                                                                   0.0s 
 => [web 5/5] COPY . .                                                                                                                                    2.2s 
 => [web] exporting to image                                                                                                                              6.2s 
 => => exporting layers                                                                                                                                   3.7s 
 => => exporting manifest sha256:c1af10fe6f24679389eedb2c5f8e9231fc5b6a23760eea0e5f2b234335ef73e7                                                         0.2s 
 => => exporting config sha256:3dc2fa449bd54970385e8639f7ab235144ea2d51fb1c57d325c1d4ba6f35ffbc                                                           0.2s 
 => => exporting attestation manifest sha256:5c7dbc27d9499214f2d723c9583884e3161869b64295fd24e1f5c9baa8a67a8a                                             0.4s 
 => => exporting manifest list sha256:4ac2ca057d29209a957e8b082d786c907c67c50706e3dc8a01b990bc6372ff23                                                    0.2s 
 => => unpacking to docker.io/library/webpagedocker-web:latest                                                                                            1.2s 
 => [web] resolving provenance for metadata file                                                                                                          0.0s 
[+] Running 3/3
 ✔ web                            Built                                                                                                                   0.0s 
 ✔ Network webpagedocker_default  Created                                                                                                                 0.6s 
 ✔ Container webpagedocker-web-1  Started                                                                                                                 3.3s 
(venv) PS E:\University\assignments\Mine\sem 7\DevOps\Guide to working with Dockers\WebPageDocker> docker ps
CONTAINER ID   IMAGE               COMMAND           CREATED             STATUS             PORTS                    NAMES
e28a95aec748   webpagedocker-web   "python app.py"   5 minutes ago       Up 5 minutes       0.0.0.0:8081->5000/tcp   webpagedocker-web-1
(venv) PS E:\University\assignments\Mine\sem 7\DevOps\Guide to working with Dockers\WebPageDocker> docker stop b3f0d69804db869ba0f4a79b4faf549bf8c3ff32ee3586dae81c6c1c0473c0d5
Error response from daemon: No such container: b3f0d69804db869ba0f4a79b4faf549bf8c3ff32ee3586dae81c6c1c0473c0d5
(venv) PS E:\University\assignments\Mine\sem 7\DevOps\Guide to working with Dockers\WebPageDocker> docker stop 607686a7b83a23ec7db2189180ba060ba6d8973b31be8f0b00a3b11e5571bc25
(venv) PS E:\University\assignments\Mine\sem 7\DevOps\Guide to working with Dockers\WebPageDocker> 
(venv) PS E:\University\assignments\Mine\sem 7\DevOps\Guide to working with Dockers\WebPageDocker> docker rmi my-first-docker-proj
Untagged: my-first-docker-proj:latest
Deleted: sha256:53c77a025fbdc3fa35a376cd159ca7d52a048338520a1bd3c83c4ef493624a0a
(venv) PS E:\University\assignments\Mine\sem 7\DevOps\Guide to working with Dockers\WebPageDocker> docker ps -a
CONTAINER ID   IMAGE               COMMAND                  CREATED             STATUS                         PORTS                    NAMES
607686a7b83a   a4e5fa961748        "bash"                   About an hour ago   Exited (137) 40 seconds ago                             pensive_lewin
0c399b7bee79   a38d16d43753        "python src/webapp.py"   About an hour ago   Exited (1) About an hour ago                            great_elbakyan
fc92c50e99c9   6a3c5a116559        "python src/webapp.py"   About an hour ago   Exited (1) About an hour ago                            first-container        
3a1740f0f66d   6a3c5a116559        "python src/webapp.py"   About an hour ago   Exited (1) About an hour ago                            blissful_gates
505e35ab4050   6a3c5a116559        "python src/webapp.py"   2 hours ago         Exited (1) 2 hours ago                                  cool_elion
74c541f2438c   hello-world         "/hello"                 3 hours ago         Exited (0) 3 hours ago                                  angry_burnell
15f0828afda1   hello-world         "/hello"                 39 hours ago        Exited (0) 39 hours ago                                 awesome_neumann        
(venv) PS E:\University\assignments\Mine\sem 7\DevOps\Guide to working with Dockers\WebPageDocker> docker ps -a
CONTAINER ID   IMAGE               COMMAND                  CREATED             STATUS                            PORTS     NAMES
607686a7b83a   a4e5fa961748        "bash"                   About an hour ago   Exited (137) About a minute ago             pensive_lewin
fc92c50e99c9   6a3c5a116559        "python src/webapp.py"   About an hour ago   Exited (1) About an hour ago                first-container
3a1740f0f66d   6a3c5a116559        "python src/webapp.py"   About an hour ago   Exited (1) About an hour ago                blissful_gates
505e35ab4050   6a3c5a116559        "python src/webapp.py"   2 hours ago         Exited (1) 2 hours ago                      cool_elion
74c541f2438c   hello-world         "/hello"                 3 hours ago         Exited (0) 3 hours ago                      angry_burnell
15f0828afda1   hello-world         "/hello"                 39 hours ago        Exited (0) 39 hours ago                     awesome_neumann
REPOSITORY          TAG        IMAGE ID       CREATED          SIZE
webpagedocker-web   latest     4ac2ca057d29   11 minutes ago   232MB
nginx               latest     9d6b58feebd2   3 weeks ago      279MB
hello-world         latest     bfbb0cc14f13   6 weeks ago      20.4kB
python              3.9-slim   d1fd80755520   3 months ago     189MB
"docker stop" requires at least 1 argument.
See 'docker stop --help'.

Usage:  docker stop [OPTIONS] CONTAINER [CONTAINER...]

Stop one or more running containers
(venv) PS E:\University\assignments\Mine\sem 7\DevOps\Guide to working with Dockers\WebPageDocker> docker ps -a
CONTAINER ID   IMAGE               COMMAND                  CREATED             STATUS                         PORTS                    NAMES
e28a95aec748   webpagedocker-web   "python app.py"          13 minutes ago      Up 27 seconds                  0.0.0.0:8081->5000/tcp   webpagedocker-web-1    
607686a7b83a   a4e5fa961748        "bash"                   About an hour ago   Exited (137) 4 minutes ago                              pensive_lewin
0c399b7bee79   a38d16d43753        "python src/webapp.py"   About an hour ago   Exited (1) About an hour ago                            great_elbakyan
fc92c50e99c9   6a3c5a116559        "python src/webapp.py"   About an hour ago   Exited (1) About an hour ago                            first-container        
3a1740f0f66d   6a3c5a116559        "python src/webapp.py"   2 hours ago         Exited (1) About an hour ago                            blissful_gates
505e35ab4050   6a3c5a116559        "python src/webapp.py"   2 hours ago         Exited (1) 2 hours ago                                  cool_elion
74c541f2438c   hello-world         "/hello"                 3 hours ago         Exited (0) 3 hours ago                                  angry_burnell
15f0828afda1   hello-world         "/hello"                 39 hours ago        Exited (0) 39 hours ago                                 awesome_neumann        
(venv) PS E:\University\assignments\Mine\sem 7\DevOps\Guide to working with Dockers\WebPageDocker> docker stop $(docker ps -q)
e28a95aec748
(venv) PS E:\University\assignments\Mine\sem 7\DevOps\Guide to working with Dockers\WebPageDocker> docker-compose down
time="2025-03-05T13:21:54+05:00" level=warning msg="E:\\University\\assignments\\Mine\\sem 7\\DevOps\\Guide to working with Dockers\\WebPageDocker\\docker-compose.yml: the attribute `version` is obsolete, it will be ignored, please remove it to avoid potential confusion"
[+] Running 2/2
 ✔ Container webpagedocker-web-1  Removed                                                                                                                 0.3s 
 ✔ Network webpagedocker_default  Removed                                                                                                                 1.1s 
(venv) PS E:\University\assignments\Mine\sem 7\DevOps\Guide to working with Dockers\WebPageDocker> docker images
REPOSITORY          TAG        IMAGE ID       CREATED          SIZE
webpagedocker-web   latest     4ac2ca057d29   16 minutes ago   232MB
nginx               latest     9d6b58feebd2   3 weeks ago      279MB
hello-world         latest     bfbb0cc14f13   6 weeks ago      20.4kB
python              3.9-slim   d1fd80755520   3 months ago     189MB
(venv) PS E:\University\assignments\Mine\sem 7\DevOps\Guide to working with Dockers\WebPageDocker> docker rmi webpagedocker-web
Untagged: webpagedocker-web:latest
Deleted: sha256:4ac2ca057d29209a957e8b082d786c907c67c50706e3dc8a01b990bc6372ff23
(venv) PS E:\University\assignments\Mine\sem 7\DevOps\Guide to working with Dockers\WebPageDocker> 